<?xml version="1.0" encoding="UTF-8"?>
<robot generator="Robot 3.1.1 (Python 3.6.5 on win32)" generated="20190216 18:56:33.041" rpa="false">
<suite id="s1" name="Robotti" source="C:\Users\juhis\Desktop\robotti">
<suite id="s1-s1" name="Testit" source="C:\Users\juhis\Desktop\robotti\testit">
<suite id="s1-s1-s1" name="Tietojenkasittely" source="C:\Users\juhis\Desktop\robotti\testit\tietojenkasittely.robot">
<test id="s1-s1-s1-t1" name="Etsi XAMKin sivuilta tietojenkäsittelyn koulutusohjelma">
<kw name="Avaa selain XAMKin etusivulle" library="toiminnot">
<kw name="Open Browser" library="SeleniumLibrary">
<doc>Opens a new browser instance to the given ``url``.</doc>
<arguments>
<arg>${URL_XAMK}</arg>
<arg>${BROWSER}</arg>
</arguments>
<msg timestamp="20190216 18:56:33.162" level="INFO">Opening browser 'Chrome' to base url 'https://www.xamk.fi/'.</msg>
<status status="PASS" starttime="20190216 18:56:33.162" endtime="20190216 18:56:38.772"></status>
</kw>
<kw name="Maximize Browser Window" library="SeleniumLibrary">
<doc>Maximizes current browser window.</doc>
<status status="PASS" starttime="20190216 18:56:38.772" endtime="20190216 18:56:40.394"></status>
</kw>
<kw name="Set Selenium Speed" library="SeleniumLibrary">
<doc>Sets the delay that is waited after each Selenium command.</doc>
<arguments>
<arg>${DELAY}</arg>
</arguments>
<status status="PASS" starttime="20190216 18:56:40.394" endtime="20190216 18:56:40.394"></status>
</kw>
<status status="PASS" starttime="20190216 18:56:33.162" endtime="20190216 18:56:40.394"></status>
</kw>
<kw name="Tarkista että etusivu on auki" library="toiminnot">
<kw name="Title Should Be" library="SeleniumLibrary">
<doc>Verifies that current page title equals ``title``.</doc>
<arguments>
<arg>Etusivu - XAMK</arg>
</arguments>
<msg timestamp="20190216 18:56:40.598" level="INFO">Page title is 'Etusivu - XAMK'.</msg>
<status status="PASS" starttime="20190216 18:56:40.394" endtime="20190216 18:56:40.598"></status>
</kw>
<status status="PASS" starttime="20190216 18:56:40.394" endtime="20190216 18:56:40.598"></status>
</kw>
<kw name="Siirry koulutus välilehdelle" library="toiminnot">
<kw name="Wait Until Page Contains Element" library="SeleniumLibrary">
<doc>Waits until element ``locator`` appears on current page.</doc>
<arguments>
<arg>xpath=.//div[@class='menu']//a[contains(., 'Koulutus')]</arg>
</arguments>
<status status="PASS" starttime="20190216 18:56:40.598" endtime="20190216 18:56:40.806"></status>
</kw>
<kw name="Click Element" library="SeleniumLibrary">
<doc>Click element identified by ``locator``.</doc>
<arguments>
<arg>xpath=.//div[@class='menu']//a[contains(., 'Koulutus')]</arg>
</arguments>
<msg timestamp="20190216 18:56:40.806" level="INFO">Clicking element 'xpath=.//div[@class='menu']//a[contains(., 'Koulutus')]'.</msg>
<status status="PASS" starttime="20190216 18:56:40.806" endtime="20190216 18:56:41.245"></status>
</kw>
<status status="PASS" starttime="20190216 18:56:40.598" endtime="20190216 18:56:41.245"></status>
</kw>
<kw name="Siirry AMK-tutkinnot välilehdelle" library="toiminnot">
<kw name="Wait Until Page Contains Element" library="SeleniumLibrary">
<doc>Waits until element ``locator`` appears on current page.</doc>
<arguments>
<arg>xpath=.//h2[contains(., 'AMK-tutkinnot')]</arg>
</arguments>
<status status="PASS" starttime="20190216 18:56:41.245" endtime="20190216 18:56:41.851"></status>
</kw>
<kw name="Click Element" library="SeleniumLibrary">
<doc>Click element identified by ``locator``.</doc>
<arguments>
<arg>xpath=.//h2[contains(., 'AMK-tutkinnot')]/following-sibling::a[@class='btn'][contains(., 'Lue lisää')]</arg>
</arguments>
<msg timestamp="20190216 18:56:41.851" level="INFO">Clicking element 'xpath=.//h2[contains(., 'AMK-tutkinnot')]/following-sibling::a[@class='btn'][contains(., 'Lue lisää')]'.</msg>
<status status="PASS" starttime="20190216 18:56:41.851" endtime="20190216 18:56:42.499"></status>
</kw>
<status status="PASS" starttime="20190216 18:56:41.245" endtime="20190216 18:56:42.499"></status>
</kw>
<kw name="Hae tietojenkäsittelyn koulutusta" library="toiminnot">
<kw name="Wait Until Page Contains Element" library="SeleniumLibrary">
<doc>Waits until element ``locator`` appears on current page.</doc>
<arguments>
<arg>xpath=.//span[contains(., 'Koulutusala')]</arg>
</arguments>
<status status="PASS" starttime="20190216 18:56:42.499" endtime="20190216 18:56:43.084"></status>
</kw>
<kw name="Click Element" library="SeleniumLibrary">
<doc>Click element identified by ``locator``.</doc>
<arguments>
<arg>xpath=.//span[contains(., 'Koulutusala')]</arg>
</arguments>
<msg timestamp="20190216 18:56:43.084" level="INFO">Clicking element 'xpath=.//span[contains(., 'Koulutusala')]'.</msg>
<status status="PASS" starttime="20190216 18:56:43.084" endtime="20190216 18:56:43.532"></status>
</kw>
<kw name="Wait Until Element Is Visible" library="SeleniumLibrary">
<doc>Waits until element ``locator`` is visible.</doc>
<arguments>
<arg>xpath=.//select[@class='facetwp-dropdown select2-hidden-accessible']/option[@value='ict-ala']</arg>
</arguments>
<status status="PASS" starttime="20190216 18:56:43.532" endtime="20190216 18:56:43.948"></status>
</kw>
<kw name="Click Element" library="SeleniumLibrary">
<doc>Click element identified by ``locator``.</doc>
<arguments>
<arg>xpath=.//select[@class='facetwp-dropdown select2-hidden-accessible']/option[@value='ict-ala']</arg>
</arguments>
<msg timestamp="20190216 18:56:43.948" level="INFO">Clicking element 'xpath=.//select[@class='facetwp-dropdown select2-hidden-accessible']/option[@value='ict-ala']'.</msg>
<status status="PASS" starttime="20190216 18:56:43.948" endtime="20190216 18:56:44.373"></status>
</kw>
<kw name="Wait Until Page Contains Element" library="SeleniumLibrary">
<doc>Waits until element ``locator`` appears on current page.</doc>
<arguments>
<arg>xpath=.//span[contains(., 'Kaupunki')]</arg>
</arguments>
<status status="PASS" starttime="20190216 18:56:44.373" endtime="20190216 18:56:44.580"></status>
</kw>
<kw name="Click Element" library="SeleniumLibrary">
<doc>Click element identified by ``locator``.</doc>
<arguments>
<arg>xpath=.//span[contains(., 'Kaupunki')]</arg>
</arguments>
<msg timestamp="20190216 18:56:44.580" level="INFO">Clicking element 'xpath=.//span[contains(., 'Kaupunki')]'.</msg>
<status status="PASS" starttime="20190216 18:56:44.580" endtime="20190216 18:56:45.015"></status>
</kw>
<kw name="Wait Until Element Is Visible" library="SeleniumLibrary">
<doc>Waits until element ``locator`` is visible.</doc>
<arguments>
<arg>xpath=.//select[@class='facetwp-dropdown select2-hidden-accessible']/option[@value='mikkeli']</arg>
</arguments>
<status status="PASS" starttime="20190216 18:56:45.015" endtime="20190216 18:56:45.435"></status>
</kw>
<kw name="Click Element" library="SeleniumLibrary">
<doc>Click element identified by ``locator``.</doc>
<arguments>
<arg>xpath=.//select[@class='facetwp-dropdown select2-hidden-accessible']/option[@value='mikkeli']</arg>
</arguments>
<msg timestamp="20190216 18:56:45.435" level="INFO">Clicking element 'xpath=.//select[@class='facetwp-dropdown select2-hidden-accessible']/option[@value='mikkeli']'.</msg>
<status status="PASS" starttime="20190216 18:56:45.435" endtime="20190216 18:56:45.858"></status>
</kw>
<kw name="Wait Until Page Contains Element" library="SeleniumLibrary">
<doc>Waits until element ``locator`` appears on current page.</doc>
<arguments>
<arg>xpath=.//span[contains(., 'Hakuaika')]</arg>
</arguments>
<status status="PASS" starttime="20190216 18:56:45.858" endtime="20190216 18:56:46.065"></status>
</kw>
<kw name="Click Element" library="SeleniumLibrary">
<doc>Click element identified by ``locator``.</doc>
<arguments>
<arg>xpath=.//span[contains(., 'Hakuaika')]</arg>
</arguments>
<msg timestamp="20190216 18:56:46.065" level="INFO">Clicking element 'xpath=.//span[contains(., 'Hakuaika')]'.</msg>
<status status="PASS" starttime="20190216 18:56:46.065" endtime="20190216 18:56:46.501"></status>
</kw>
<kw name="Wait Until Element Is Visible" library="SeleniumLibrary">
<doc>Waits until element ``locator`` is visible.</doc>
<arguments>
<arg>xpath=.//select[@class='facetwp-dropdown select2-hidden-accessible']/option[@value='14-3-28-3-2018']</arg>
</arguments>
<status status="PASS" starttime="20190216 18:56:46.501" endtime="20190216 18:56:46.915"></status>
</kw>
<kw name="Click Element" library="SeleniumLibrary">
<doc>Click element identified by ``locator``.</doc>
<arguments>
<arg>xpath=.//select[@class='facetwp-dropdown select2-hidden-accessible']/option[@value='14-3-28-3-2018']</arg>
</arguments>
<msg timestamp="20190216 18:56:46.915" level="INFO">Clicking element 'xpath=.//select[@class='facetwp-dropdown select2-hidden-accessible']/option[@value='14-3-28-3-2018']'.</msg>
<status status="PASS" starttime="20190216 18:56:46.915" endtime="20190216 18:56:47.341"></status>
</kw>
<kw name="Wait Until Page Contains Element" library="SeleniumLibrary">
<doc>Waits until element ``locator`` appears on current page.</doc>
<arguments>
<arg>xpath=.//span[contains(., 'Kieli')]</arg>
</arguments>
<status status="PASS" starttime="20190216 18:56:47.341" endtime="20190216 18:56:47.549"></status>
</kw>
<kw name="Click Element" library="SeleniumLibrary">
<doc>Click element identified by ``locator``.</doc>
<arguments>
<arg>xpath=.//span[contains(., 'Kieli')]</arg>
</arguments>
<msg timestamp="20190216 18:56:47.549" level="INFO">Clicking element 'xpath=.//span[contains(., 'Kieli')]'.</msg>
<status status="PASS" starttime="20190216 18:56:47.549" endtime="20190216 18:56:47.982"></status>
</kw>
<kw name="Wait Until Element Is Visible" library="SeleniumLibrary">
<doc>Waits until element ``locator`` is visible.</doc>
<arguments>
<arg>xpath=.//select[@class='facetwp-dropdown select2-hidden-accessible']/option[@value='fi']</arg>
</arguments>
<status status="PASS" starttime="20190216 18:56:47.982" endtime="20190216 18:56:48.397"></status>
</kw>
<kw name="Click Element" library="SeleniumLibrary">
<doc>Click element identified by ``locator``.</doc>
<arguments>
<arg>xpath=.//select[@class='facetwp-dropdown select2-hidden-accessible']/option[@value='fi']</arg>
</arguments>
<msg timestamp="20190216 18:56:48.397" level="INFO">Clicking element 'xpath=.//select[@class='facetwp-dropdown select2-hidden-accessible']/option[@value='fi']'.</msg>
<status status="PASS" starttime="20190216 18:56:48.397" endtime="20190216 18:56:48.821"></status>
</kw>
<kw name="Paina Etsi nappulaa" library="toiminnot">
<kw name="Click Button" library="SeleniumLibrary">
<doc>Clicks button identified by ``locator``.</doc>
<arguments>
<arg>Etsi</arg>
</arguments>
<msg timestamp="20190216 18:56:48.821" level="INFO">Clicking button 'Etsi'.</msg>
<status status="PASS" starttime="20190216 18:56:48.821" endtime="20190216 18:56:49.666"></status>
</kw>
<status status="PASS" starttime="20190216 18:56:48.821" endtime="20190216 18:56:49.666"></status>
</kw>
<status status="PASS" starttime="20190216 18:56:42.499" endtime="20190216 18:56:49.666"></status>
</kw>
<kw name="Tarkista että tietojenkäsittelyn koulutus nousee hakutuloksiin" library="toiminnot">
<kw name="Wait Until Page Contains Element" library="SeleniumLibrary">
<doc>Waits until element ``locator`` appears on current page.</doc>
<arguments>
<arg>xpath=.//section[@class='listing degrees']//a[contains(., 'Tradenomi (AMK), tietojenkäsittely')]</arg>
</arguments>
<kw name="Capture Page Screenshot" library="SeleniumLibrary">
<doc>Takes screenshot of the current page and embeds it into log file.</doc>
<msg timestamp="20190216 18:56:55.694" level="INFO" html="yes">&lt;/td&gt;&lt;/tr&gt;&lt;tr&gt;&lt;td colspan="3"&gt;&lt;a href="selenium-screenshot-2.png"&gt;&lt;img src="selenium-screenshot-2.png" width="800px"&gt;&lt;/a&gt;</msg>
<status status="PASS" starttime="20190216 18:56:54.934" endtime="20190216 18:56:55.694"></status>
</kw>
<msg timestamp="20190216 18:56:55.695" level="FAIL">Element 'xpath=.//section[@class='listing degrees']//a[contains(., 'Tradenomi (AMK), tietojenkäsittely')]' did not appear in 5 seconds.</msg>
<status status="FAIL" starttime="20190216 18:56:49.666" endtime="20190216 18:56:55.695"></status>
</kw>
<status status="FAIL" starttime="20190216 18:56:49.666" endtime="20190216 18:56:55.695"></status>
</kw>
<kw name="Sulje selain" library="common-resource" type="teardown">
<kw name="Close Browser" library="SeleniumLibrary">
<doc>Closes the current browser.</doc>
<status status="PASS" starttime="20190216 18:56:55.696" endtime="20190216 18:56:57.936"></status>
</kw>
<status status="PASS" starttime="20190216 18:56:55.695" endtime="20190216 18:56:57.936"></status>
</kw>
<tags>
<tag>demo</tag>
<tag>qa</tag>
</tags>
<status status="FAIL" starttime="20190216 18:56:33.161" endtime="20190216 18:56:57.936" critical="yes">Element 'xpath=.//section[@class='listing degrees']//a[contains(., 'Tradenomi (AMK), tietojenkäsittely')]' did not appear in 5 seconds.</status>
</test>
<doc>Etsi tietojenkäsittelyn koulutus XAMK:in verkkosivuilta</doc>
<status status="FAIL" starttime="20190216 18:56:33.061" endtime="20190216 18:56:57.937"></status>
</suite>
<status status="FAIL" starttime="20190216 18:56:33.060" endtime="20190216 18:56:57.938"></status>
</suite>
<status status="FAIL" starttime="20190216 18:56:33.043" endtime="20190216 18:56:57.939"></status>
</suite>
<statistics>
<total>
<stat pass="0" fail="1">Critical Tests</stat>
<stat pass="0" fail="1">All Tests</stat>
</total>
<tag>
<stat pass="0" fail="1">demo</stat>
<stat pass="0" fail="1">qa</stat>
</tag>
<suite>
<stat pass="0" fail="1" id="s1" name="Robotti">Robotti</stat>
<stat pass="0" fail="1" id="s1-s1" name="Testit">Robotti.Testit</stat>
<stat pass="0" fail="1" id="s1-s1-s1" name="Tietojenkasittely">Robotti.Testit.Tietojenkasittely</stat>
</suite>
</statistics>
<errors>
</errors>
</robot>
